CRITICAL - 2022-07-07 04:23:38 --> syntax error, unexpected single-quoted string "errors", expecting "]"
in APPPATH\Controllers\Register.php on line 26.
 1 SYSTEMPATH\Autoloader\Autoloader.php(261): CodeIgniter\Autoloader\Autoloader->includeFile('APPPATH\\Controllers\\Register.php')
 2 SYSTEMPATH\Autoloader\Autoloader.php(239): CodeIgniter\Autoloader\Autoloader->loadInNamespace('App\\Controllers\\Register')
 3 [internal function]: CodeIgniter\Autoloader\Autoloader->loadClass('App\\Controllers\\Register')
 4 SYSTEMPATH\CodeIgniter.php(846): class_exists('\\App\\Controllers\\Register', true)
 5 SYSTEMPATH\CodeIgniter.php(453): CodeIgniter\CodeIgniter->startController()
 6 SYSTEMPATH\CodeIgniter.php(349): CodeIgniter\CodeIgniter->handleRequest(null, Object(Config\Cache), false)
 7 FCPATH\index.php(55): CodeIgniter\CodeIgniter->run()
CRITICAL - 2022-07-07 04:38:36 --> syntax error, unexpected single-quoted string "errors", expecting "]"
in APPPATH\Controllers\Register.php on line 27.
 1 SYSTEMPATH\Autoloader\Autoloader.php(261): CodeIgniter\Autoloader\Autoloader->includeFile('APPPATH\\Controllers\\Register.php')
 2 SYSTEMPATH\Autoloader\Autoloader.php(239): CodeIgniter\Autoloader\Autoloader->loadInNamespace('App\\Controllers\\Register')
 3 [internal function]: CodeIgniter\Autoloader\Autoloader->loadClass('App\\Controllers\\Register')
 4 SYSTEMPATH\CodeIgniter.php(846): class_exists('\\App\\Controllers\\Register', true)
 5 SYSTEMPATH\CodeIgniter.php(453): CodeIgniter\CodeIgniter->startController()
 6 SYSTEMPATH\CodeIgniter.php(349): CodeIgniter\CodeIgniter->handleRequest(null, Object(Config\Cache), false)
 7 FCPATH\index.php(55): CodeIgniter\CodeIgniter->run()
CRITICAL - 2022-07-07 04:41:37 --> syntax error, unexpected single-quoted string "errors", expecting "]"
in APPPATH\Controllers\Register.php on line 27.
 1 SYSTEMPATH\Autoloader\Autoloader.php(261): CodeIgniter\Autoloader\Autoloader->includeFile('APPPATH\\Controllers\\Register.php')
 2 SYSTEMPATH\Autoloader\Autoloader.php(239): CodeIgniter\Autoloader\Autoloader->loadInNamespace('App\\Controllers\\Register')
 3 [internal function]: CodeIgniter\Autoloader\Autoloader->loadClass('App\\Controllers\\Register')
 4 SYSTEMPATH\CodeIgniter.php(846): class_exists('\\App\\Controllers\\Register', true)
 5 SYSTEMPATH\CodeIgniter.php(453): CodeIgniter\CodeIgniter->startController()
 6 SYSTEMPATH\CodeIgniter.php(349): CodeIgniter\CodeIgniter->handleRequest(null, Object(Config\Cache), false)
 7 FCPATH\index.php(55): CodeIgniter\CodeIgniter->run()
CRITICAL - 2022-07-07 04:41:59 --> syntax error, unexpected single-quoted string "errors", expecting "]"
in APPPATH\Controllers\Register.php on line 27.
 1 SYSTEMPATH\Autoloader\Autoloader.php(261): CodeIgniter\Autoloader\Autoloader->includeFile('APPPATH\\Controllers\\Register.php')
 2 SYSTEMPATH\Autoloader\Autoloader.php(239): CodeIgniter\Autoloader\Autoloader->loadInNamespace('App\\Controllers\\Register')
 3 [internal function]: CodeIgniter\Autoloader\Autoloader->loadClass('App\\Controllers\\Register')
 4 SYSTEMPATH\CodeIgniter.php(846): class_exists('\\App\\Controllers\\Register', true)
 5 SYSTEMPATH\CodeIgniter.php(453): CodeIgniter\CodeIgniter->startController()
 6 SYSTEMPATH\CodeIgniter.php(349): CodeIgniter\CodeIgniter->handleRequest(null, Object(Config\Cache), false)
 7 FCPATH\index.php(55): CodeIgniter\CodeIgniter->run()
CRITICAL - 2022-07-07 04:53:59 --> Call to undefined function display_error()
in APPPATH\Views\Register_view.php on line 25.
 1 SYSTEMPATH\View\View.php(213): include()
 2 SYSTEMPATH\View\View.php(216): CodeIgniter\View\View->CodeIgniter\View\{closure}()
 3 SYSTEMPATH\Common.php(1135): CodeIgniter\View\View->render('Register_view', [], true)
 4 APPPATH\Controllers\Register.php(77): view('Register_view', [...])
 5 SYSTEMPATH\CodeIgniter.php(896): App\Controllers\Register->index()
 6 SYSTEMPATH\CodeIgniter.php(466): CodeIgniter\CodeIgniter->runController(Object(App\Controllers\Register))
 7 SYSTEMPATH\CodeIgniter.php(349): CodeIgniter\CodeIgniter->handleRequest(null, Object(Config\Cache), false)
 8 FCPATH\index.php(55): CodeIgniter\CodeIgniter->run()
CRITICAL - 2022-07-07 05:00:12 --> Undefined variable $validation
in APPPATH\Views\Register_view.php on line 25.
 1 APPPATH\Views\Register_view.php(25): CodeIgniter\Debug\Exceptions->errorHandler(2, 'Undefined variable $validation', 'APPPATH\\Views\\Register_view.php', 25)
 2 SYSTEMPATH\View\View.php(213): include('APPPATH\\Views\\Register_view.php')
 3 SYSTEMPATH\View\View.php(216): CodeIgniter\View\View->CodeIgniter\View\{closure}()
 4 SYSTEMPATH\Common.php(1135): CodeIgniter\View\View->render('Register_view', [], true)
 5 APPPATH\Controllers\Register.php(80): view('Register_view', [])
 6 SYSTEMPATH\CodeIgniter.php(896): App\Controllers\Register->index()
 7 SYSTEMPATH\CodeIgniter.php(466): CodeIgniter\CodeIgniter->runController(Object(App\Controllers\Register))
 8 SYSTEMPATH\CodeIgniter.php(349): CodeIgniter\CodeIgniter->handleRequest(null, Object(Config\Cache), false)
 9 FCPATH\index.php(55): CodeIgniter\CodeIgniter->run()
ERROR - 2022-07-07 05:17:53 --> Duplicate entry '' for key 'email'
CRITICAL - 2022-07-07 05:17:53 --> Duplicate entry '' for key 'email'
in SYSTEMPATH\Database\MySQLi\Connection.php on line 292.
 1 SYSTEMPATH\Database\MySQLi\Connection.php(292): mysqli->query('INSERT INTO `users` (`first_name`, `last_name`, `phone`, `email`, `password`) VALUES (\'\', \'\', \'\', \'\', \'\')', 0)
 2 SYSTEMPATH\Database\BaseConnection.php(695): CodeIgniter\Database\MySQLi\Connection->execute('INSERT INTO `users` (`first_name`, `last_name`, `phone`, `email`, `password`) VALUES (\'\', \'\', \'\', \'\', \'\')')
 3 SYSTEMPATH\Database\BaseConnection.php(609): CodeIgniter\Database\BaseConnection->simpleQuery('INSERT INTO `users` (`first_name`, `last_name`, `phone`, `email`, `password`) VALUES (\'\', \'\', \'\', \'\', \'\')')
 4 SYSTEMPATH\Database\BaseBuilder.php(1904): CodeIgniter\Database\BaseConnection->query('INSERT INTO `users` (`first_name`, `last_name`, `phone`, `email`, `password`) VALUES (:first_name:, :last_name:, :phone:, :email:, :password:)', [...], false)
 5 SYSTEMPATH\Model.php(278): CodeIgniter\Database\BaseBuilder->insert()
 6 SYSTEMPATH\BaseModel.php(738): CodeIgniter\Model->doInsert([...])
 7 SYSTEMPATH\Model.php(666): CodeIgniter\BaseModel->insert([...], false)
 8 SYSTEMPATH\BaseModel.php(658): CodeIgniter\Model->insert([...], false)
 9 APPPATH\Controllers\Home.php(24): CodeIgniter\BaseModel->save([...])
10 SYSTEMPATH\CodeIgniter.php(896): App\Controllers\Home->store()
11 SYSTEMPATH\CodeIgniter.php(466): CodeIgniter\CodeIgniter->runController(Object(App\Controllers\Home))
12 SYSTEMPATH\CodeIgniter.php(349): CodeIgniter\CodeIgniter->handleRequest(null, Object(Config\Cache), false)
13 FCPATH\index.php(55): CodeIgniter\CodeIgniter->run()
CRITICAL - 2022-07-07 05:22:00 --> Call to undefined function App\Controllers\getMethod()
in APPPATH\Controllers\Register.php on line 70.
 1 SYSTEMPATH\CodeIgniter.php(896): App\Controllers\Register->index()
 2 SYSTEMPATH\CodeIgniter.php(466): CodeIgniter\CodeIgniter->runController(Object(App\Controllers\Register))
 3 SYSTEMPATH\CodeIgniter.php(349): CodeIgniter\CodeIgniter->handleRequest(null, Object(Config\Cache), false)
 4 FCPATH\index.php(55): CodeIgniter\CodeIgniter->run()
CRITICAL - 2022-07-07 05:22:06 --> Call to undefined function App\Controllers\getMethod()
in APPPATH\Controllers\Register.php on line 70.
 1 SYSTEMPATH\CodeIgniter.php(896): App\Controllers\Register->index()
 2 SYSTEMPATH\CodeIgniter.php(466): CodeIgniter\CodeIgniter->runController(Object(App\Controllers\Register))
 3 SYSTEMPATH\CodeIgniter.php(349): CodeIgniter\CodeIgniter->handleRequest(null, Object(Config\Cache), false)
 4 FCPATH\index.php(55): CodeIgniter\CodeIgniter->run()
CRITICAL - 2022-07-07 05:24:15 --> Call to undefined function App\Controllers\getMethod()
in APPPATH\Controllers\Register.php on line 70.
 1 SYSTEMPATH\CodeIgniter.php(896): App\Controllers\Register->index()
 2 SYSTEMPATH\CodeIgniter.php(466): CodeIgniter\CodeIgniter->runController(Object(App\Controllers\Register))
 3 SYSTEMPATH\CodeIgniter.php(349): CodeIgniter\CodeIgniter->handleRequest(null, Object(Config\Cache), false)
 4 FCPATH\index.php(55): CodeIgniter\CodeIgniter->run()
CRITICAL - 2022-07-07 05:25:03 --> syntax error, unexpected token "if"
in APPPATH\Config\Routes.php on line 68.
 1 SYSTEMPATH\CodeIgniter.php(415): CodeIgniter\CodeIgniter->tryToRouteIt(null)
 2 SYSTEMPATH\CodeIgniter.php(349): CodeIgniter\CodeIgniter->handleRequest(null, Object(Config\Cache), false)
 3 FCPATH\index.php(55): CodeIgniter\CodeIgniter->run()
CRITICAL - 2022-07-07 05:27:14 --> syntax error, unexpected token "if"
in APPPATH\Config\Routes.php on line 68.
 1 SYSTEMPATH\CodeIgniter.php(415): CodeIgniter\CodeIgniter->tryToRouteIt(null)
 2 SYSTEMPATH\CodeIgniter.php(349): CodeIgniter\CodeIgniter->handleRequest(null, Object(Config\Cache), false)
 3 FCPATH\index.php(55): CodeIgniter\CodeIgniter->run()
CRITICAL - 2022-07-07 07:18:43 --> syntax error, unexpected token ";"
in APPPATH\Views\Login_view.php on line 1.
 1 SYSTEMPATH\View\View.php(216): CodeIgniter\View\View->CodeIgniter\View\{closure}()
 2 SYSTEMPATH\Common.php(1135): CodeIgniter\View\View->render('Login_view', [], true)
 3 APPPATH\Controllers\Login.php(10): view('Login_view')
 4 SYSTEMPATH\CodeIgniter.php(896): App\Controllers\Login->index()
 5 SYSTEMPATH\CodeIgniter.php(466): CodeIgniter\CodeIgniter->runController(Object(App\Controllers\Login))
 6 SYSTEMPATH\CodeIgniter.php(349): CodeIgniter\CodeIgniter->handleRequest(null, Object(Config\Cache), false)
 7 FCPATH\index.php(55): CodeIgniter\CodeIgniter->run()
CRITICAL - 2022-07-07 07:19:30 --> syntax error, unexpected token ";"
in APPPATH\Views\Login_view.php on line 1.
 1 SYSTEMPATH\View\View.php(216): CodeIgniter\View\View->CodeIgniter\View\{closure}()
 2 SYSTEMPATH\Common.php(1135): CodeIgniter\View\View->render('Login_view', [], true)
 3 APPPATH\Controllers\Login.php(10): view('Login_view')
 4 SYSTEMPATH\CodeIgniter.php(896): App\Controllers\Login->index()
 5 SYSTEMPATH\CodeIgniter.php(466): CodeIgniter\CodeIgniter->runController(Object(App\Controllers\Login))
 6 SYSTEMPATH\CodeIgniter.php(349): CodeIgniter\CodeIgniter->handleRequest(null, Object(Config\Cache), false)
 7 FCPATH\index.php(55): CodeIgniter\CodeIgniter->run()
CRITICAL - 2022-07-07 07:19:33 --> syntax error, unexpected token ";"
in APPPATH\Views\Login_view.php on line 1.
 1 SYSTEMPATH\View\View.php(216): CodeIgniter\View\View->CodeIgniter\View\{closure}()
 2 SYSTEMPATH\Common.php(1135): CodeIgniter\View\View->render('Login_view', [], true)
 3 APPPATH\Controllers\Login.php(10): view('Login_view')
 4 SYSTEMPATH\CodeIgniter.php(896): App\Controllers\Login->index()
 5 SYSTEMPATH\CodeIgniter.php(466): CodeIgniter\CodeIgniter->runController(Object(App\Controllers\Login))
 6 SYSTEMPATH\CodeIgniter.php(349): CodeIgniter\CodeIgniter->handleRequest(null, Object(Config\Cache), false)
 7 FCPATH\index.php(55): CodeIgniter\CodeIgniter->run()
CRITICAL - 2022-07-07 07:19:45 --> syntax error, unexpected token ";"
in APPPATH\Views\Login_view.php on line 1.
 1 SYSTEMPATH\View\View.php(216): CodeIgniter\View\View->CodeIgniter\View\{closure}()
 2 SYSTEMPATH\Common.php(1135): CodeIgniter\View\View->render('Login_view', [], true)
 3 APPPATH\Controllers\Login.php(10): view('Login_view')
 4 SYSTEMPATH\CodeIgniter.php(896): App\Controllers\Login->index()
 5 SYSTEMPATH\CodeIgniter.php(466): CodeIgniter\CodeIgniter->runController(Object(App\Controllers\Login))
 6 SYSTEMPATH\CodeIgniter.php(349): CodeIgniter\CodeIgniter->handleRequest(null, Object(Config\Cache), false)
 7 FCPATH\index.php(55): CodeIgniter\CodeIgniter->run()
CRITICAL - 2022-07-07 07:20:13 --> syntax error, unexpected token ";"
in APPPATH\Views\Login_view.php on line 1.
 1 SYSTEMPATH\View\View.php(216): CodeIgniter\View\View->CodeIgniter\View\{closure}()
 2 SYSTEMPATH\Common.php(1135): CodeIgniter\View\View->render('Login_view', [], true)
 3 APPPATH\Controllers\Login.php(10): view('Login_view')
 4 SYSTEMPATH\CodeIgniter.php(896): App\Controllers\Login->index()
 5 SYSTEMPATH\CodeIgniter.php(466): CodeIgniter\CodeIgniter->runController(Object(App\Controllers\Login))
 6 SYSTEMPATH\CodeIgniter.php(349): CodeIgniter\CodeIgniter->handleRequest(null, Object(Config\Cache), false)
 7 FCPATH\index.php(55): CodeIgniter\CodeIgniter->run()
CRITICAL - 2022-07-07 07:20:16 --> syntax error, unexpected token ";"
in APPPATH\Views\Login_view.php on line 1.
 1 SYSTEMPATH\View\View.php(216): CodeIgniter\View\View->CodeIgniter\View\{closure}()
 2 SYSTEMPATH\Common.php(1135): CodeIgniter\View\View->render('Login_view', [], true)
 3 APPPATH\Controllers\Login.php(10): view('Login_view')
 4 SYSTEMPATH\CodeIgniter.php(896): App\Controllers\Login->index()
 5 SYSTEMPATH\CodeIgniter.php(466): CodeIgniter\CodeIgniter->runController(Object(App\Controllers\Login))
 6 SYSTEMPATH\CodeIgniter.php(349): CodeIgniter\CodeIgniter->handleRequest(null, Object(Config\Cache), false)
 7 FCPATH\index.php(55): CodeIgniter\CodeIgniter->run()
CRITICAL - 2022-07-07 07:27:57 --> Undefined variable $users
in APPPATH\Views\Register_view.php on line 110.
 1 APPPATH\Views\Register_view.php(110): CodeIgniter\Debug\Exceptions->errorHandler(2, 'Undefined variable $users', 'APPPATH\\Views\\Register_view.php', 110)
 2 SYSTEMPATH\View\View.php(213): include('APPPATH\\Views\\Register_view.php')
 3 SYSTEMPATH\View\View.php(216): CodeIgniter\View\View->CodeIgniter\View\{closure}()
 4 SYSTEMPATH\Common.php(1135): CodeIgniter\View\View->render('Register_view', [], true)
 5 APPPATH\Controllers\Register.php(93): view('Register_view', [...])
 6 SYSTEMPATH\CodeIgniter.php(896): App\Controllers\Register->index()
 7 SYSTEMPATH\CodeIgniter.php(466): CodeIgniter\CodeIgniter->runController(Object(App\Controllers\Register))
 8 SYSTEMPATH\CodeIgniter.php(349): CodeIgniter\CodeIgniter->handleRequest(null, Object(Config\Cache), false)
 9 FCPATH\index.php(55): CodeIgniter\CodeIgniter->run()
CRITICAL - 2022-07-07 07:28:36 --> Undefined variable $users
in APPPATH\Views\Register_view.php on line 110.
 1 APPPATH\Views\Register_view.php(110): CodeIgniter\Debug\Exceptions->errorHandler(2, 'Undefined variable $users', 'APPPATH\\Views\\Register_view.php', 110)
 2 SYSTEMPATH\View\View.php(213): include('APPPATH\\Views\\Register_view.php')
 3 SYSTEMPATH\View\View.php(216): CodeIgniter\View\View->CodeIgniter\View\{closure}()
 4 SYSTEMPATH\Common.php(1135): CodeIgniter\View\View->render('Register_view', [], true)
 5 APPPATH\Controllers\Register.php(93): view('Register_view', [...])
 6 SYSTEMPATH\CodeIgniter.php(896): App\Controllers\Register->index()
 7 SYSTEMPATH\CodeIgniter.php(466): CodeIgniter\CodeIgniter->runController(Object(App\Controllers\Register))
 8 SYSTEMPATH\CodeIgniter.php(349): CodeIgniter\CodeIgniter->handleRequest(null, Object(Config\Cache), false)
 9 FCPATH\index.php(55): CodeIgniter\CodeIgniter->run()
CRITICAL - 2022-07-07 07:28:38 --> Undefined variable $users
in APPPATH\Views\Register_view.php on line 110.
 1 APPPATH\Views\Register_view.php(110): CodeIgniter\Debug\Exceptions->errorHandler(2, 'Undefined variable $users', 'APPPATH\\Views\\Register_view.php', 110)
 2 SYSTEMPATH\View\View.php(213): include('APPPATH\\Views\\Register_view.php')
 3 SYSTEMPATH\View\View.php(216): CodeIgniter\View\View->CodeIgniter\View\{closure}()
 4 SYSTEMPATH\Common.php(1135): CodeIgniter\View\View->render('Register_view', [], true)
 5 APPPATH\Controllers\Register.php(93): view('Register_view', [...])
 6 SYSTEMPATH\CodeIgniter.php(896): App\Controllers\Register->index()
 7 SYSTEMPATH\CodeIgniter.php(466): CodeIgniter\CodeIgniter->runController(Object(App\Controllers\Register))
 8 SYSTEMPATH\CodeIgniter.php(349): CodeIgniter\CodeIgniter->handleRequest(null, Object(Config\Cache), false)
 9 FCPATH\index.php(55): CodeIgniter\CodeIgniter->run()
CRITICAL - 2022-07-07 07:30:07 --> Undefined variable $users
in APPPATH\Views\Register_view.php on line 110.
 1 APPPATH\Views\Register_view.php(110): CodeIgniter\Debug\Exceptions->errorHandler(2, 'Undefined variable $users', 'APPPATH\\Views\\Register_view.php', 110)
 2 SYSTEMPATH\View\View.php(213): include('APPPATH\\Views\\Register_view.php')
 3 SYSTEMPATH\View\View.php(216): CodeIgniter\View\View->CodeIgniter\View\{closure}()
 4 SYSTEMPATH\Common.php(1135): CodeIgniter\View\View->render('Register_view', [], true)
 5 APPPATH\Controllers\Register.php(93): view('Register_view', [...])
 6 SYSTEMPATH\CodeIgniter.php(896): App\Controllers\Register->index()
 7 SYSTEMPATH\CodeIgniter.php(466): CodeIgniter\CodeIgniter->runController(Object(App\Controllers\Register))
 8 SYSTEMPATH\CodeIgniter.php(349): CodeIgniter\CodeIgniter->handleRequest(null, Object(Config\Cache), false)
 9 FCPATH\index.php(55): CodeIgniter\CodeIgniter->run()
CRITICAL - 2022-07-07 07:30:11 --> Invalid file: .php
in SYSTEMPATH\Exceptions\FrameworkException.php on line 33.
 1 SYSTEMPATH\View\View.php(201): CodeIgniter\Exceptions\FrameworkException::forInvalidFile('.php')
 2 SYSTEMPATH\Common.php(1135): CodeIgniter\View\View->render('C:\\xampp\\htdocs\\LOGIN', [], true)
 3 APPPATH\Controllers\Home.php(12): view('C:\\xampp\\htdocs\\LOGIN')
 4 SYSTEMPATH\CodeIgniter.php(896): App\Controllers\Home->index()
 5 SYSTEMPATH\CodeIgniter.php(466): CodeIgniter\CodeIgniter->runController(Object(App\Controllers\Home))
 6 SYSTEMPATH\CodeIgniter.php(349): CodeIgniter\CodeIgniter->handleRequest(null, Object(Config\Cache), false)
 7 FCPATH\index.php(55): CodeIgniter\CodeIgniter->run()
CRITICAL - 2022-07-07 07:30:33 --> Invalid file: register.php
in SYSTEMPATH\Exceptions\FrameworkException.php on line 33.
 1 SYSTEMPATH\View\View.php(201): CodeIgniter\Exceptions\FrameworkException::forInvalidFile('register.php')
 2 SYSTEMPATH\Common.php(1135): CodeIgniter\View\View->render('register', [], true)
 3 APPPATH\Controllers\Home.php(12): view('register')
 4 SYSTEMPATH\CodeIgniter.php(896): App\Controllers\Home->index()
 5 SYSTEMPATH\CodeIgniter.php(466): CodeIgniter\CodeIgniter->runController(Object(App\Controllers\Home))
 6 SYSTEMPATH\CodeIgniter.php(349): CodeIgniter\CodeIgniter->handleRequest(null, Object(Config\Cache), false)
 7 FCPATH\index.php(55): CodeIgniter\CodeIgniter->run()
CRITICAL - 2022-07-07 07:30:57 --> Call to undefined function display_error()
in APPPATH\Views\Register_view.php on line 25.
 1 SYSTEMPATH\View\View.php(213): include()
 2 SYSTEMPATH\View\View.php(216): CodeIgniter\View\View->CodeIgniter\View\{closure}()
 3 SYSTEMPATH\Common.php(1135): CodeIgniter\View\View->render('Register_view', [], true)
 4 APPPATH\Controllers\Home.php(12): view('Register_view')
 5 SYSTEMPATH\CodeIgniter.php(896): App\Controllers\Home->index()
 6 SYSTEMPATH\CodeIgniter.php(466): CodeIgniter\CodeIgniter->runController(Object(App\Controllers\Home))
 7 SYSTEMPATH\CodeIgniter.php(349): CodeIgniter\CodeIgniter->handleRequest(null, Object(Config\Cache), false)
 8 FCPATH\index.php(55): CodeIgniter\CodeIgniter->run()
CRITICAL - 2022-07-07 07:32:38 --> Unclosed '{' on line 7
in APPPATH\Controllers\Register.php on line 140.
 1 SYSTEMPATH\Router\Router.php(499): CodeIgniter\Router\AutoRouter->getRoute('register')
 2 SYSTEMPATH\Router\Router.php(205): CodeIgniter\Router\Router->autoRoute('register')
 3 SYSTEMPATH\CodeIgniter.php(771): CodeIgniter\Router\Router->handle('register')
 4 SYSTEMPATH\CodeIgniter.php(415): CodeIgniter\CodeIgniter->tryToRouteIt(Object(CodeIgniter\Router\RouteCollection))
 5 SYSTEMPATH\CodeIgniter.php(349): CodeIgniter\CodeIgniter->handleRequest(null, Object(Config\Cache), false)
 6 FCPATH\index.php(55): CodeIgniter\CodeIgniter->run()
CRITICAL - 2022-07-07 07:42:41 --> Undefined variable $users
in APPPATH\Views\Register_view.php on line 110.
 1 APPPATH\Views\Register_view.php(110): CodeIgniter\Debug\Exceptions->errorHandler(2, 'Undefined variable $users', 'APPPATH\\Views\\Register_view.php', 110)
 2 SYSTEMPATH\View\View.php(213): include('APPPATH\\Views\\Register_view.php')
 3 SYSTEMPATH\View\View.php(216): CodeIgniter\View\View->CodeIgniter\View\{closure}()
 4 SYSTEMPATH\Common.php(1135): CodeIgniter\View\View->render('Register_view', [], true)
 5 APPPATH\Controllers\Register.php(97): view('Register_view', [...])
 6 SYSTEMPATH\CodeIgniter.php(896): App\Controllers\Register->index()
 7 SYSTEMPATH\CodeIgniter.php(466): CodeIgniter\CodeIgniter->runController(Object(App\Controllers\Register))
 8 SYSTEMPATH\CodeIgniter.php(349): CodeIgniter\CodeIgniter->handleRequest(null, Object(Config\Cache), false)
 9 FCPATH\index.php(55): CodeIgniter\CodeIgniter->run()
CRITICAL - 2022-07-07 07:46:13 --> Call to undefined function display_error()
in APPPATH\Views\Register_view.php on line 25.
 1 SYSTEMPATH\View\View.php(213): include()
 2 SYSTEMPATH\View\View.php(216): CodeIgniter\View\View->CodeIgniter\View\{closure}()
 3 SYSTEMPATH\Common.php(1135): CodeIgniter\View\View->render('Register_view', [], true)
 4 APPPATH\Controllers\Register.php(10): view('Register_view')
 5 SYSTEMPATH\CodeIgniter.php(896): App\Controllers\Register->index()
 6 SYSTEMPATH\CodeIgniter.php(466): CodeIgniter\CodeIgniter->runController(Object(App\Controllers\Register))
 7 SYSTEMPATH\CodeIgniter.php(349): CodeIgniter\CodeIgniter->handleRequest(null, Object(Config\Cache), false)
 8 FCPATH\index.php(55): CodeIgniter\CodeIgniter->run()
CRITICAL - 2022-07-07 07:55:42 --> Undefined variable $users
in APPPATH\Views\Register_view.php on line 110.
 1 APPPATH\Views\Register_view.php(110): CodeIgniter\Debug\Exceptions->errorHandler(2, 'Undefined variable $users', 'APPPATH\\Views\\Register_view.php', 110)
 2 SYSTEMPATH\View\View.php(213): include('APPPATH\\Views\\Register_view.php')
 3 SYSTEMPATH\View\View.php(216): CodeIgniter\View\View->CodeIgniter\View\{closure}()
 4 SYSTEMPATH\Common.php(1135): CodeIgniter\View\View->render('Register_view', [], true)
 5 APPPATH\Controllers\Register.php(10): view('Register_view')
 6 SYSTEMPATH\CodeIgniter.php(896): App\Controllers\Register->index()
 7 SYSTEMPATH\CodeIgniter.php(466): CodeIgniter\CodeIgniter->runController(Object(App\Controllers\Register))
 8 SYSTEMPATH\CodeIgniter.php(349): CodeIgniter\CodeIgniter->handleRequest(null, Object(Config\Cache), false)
 9 FCPATH\index.php(55): CodeIgniter\CodeIgniter->run()
CRITICAL - 2022-07-07 07:55:44 --> Undefined variable $users
in APPPATH\Views\Register_view.php on line 110.
 1 APPPATH\Views\Register_view.php(110): CodeIgniter\Debug\Exceptions->errorHandler(2, 'Undefined variable $users', 'APPPATH\\Views\\Register_view.php', 110)
 2 SYSTEMPATH\View\View.php(213): include('APPPATH\\Views\\Register_view.php')
 3 SYSTEMPATH\View\View.php(216): CodeIgniter\View\View->CodeIgniter\View\{closure}()
 4 SYSTEMPATH\Common.php(1135): CodeIgniter\View\View->render('Register_view', [], true)
 5 APPPATH\Controllers\Register.php(10): view('Register_view')
 6 SYSTEMPATH\CodeIgniter.php(896): App\Controllers\Register->index()
 7 SYSTEMPATH\CodeIgniter.php(466): CodeIgniter\CodeIgniter->runController(Object(App\Controllers\Register))
 8 SYSTEMPATH\CodeIgniter.php(349): CodeIgniter\CodeIgniter->handleRequest(null, Object(Config\Cache), false)
 9 FCPATH\index.php(55): CodeIgniter\CodeIgniter->run()
CRITICAL - 2022-07-07 08:03:14 --> syntax error, unexpected single-quoted string "errors", expecting "]"
in APPPATH\Controllers\Register.php on line 26.
 1 SYSTEMPATH\Router\Router.php(499): CodeIgniter\Router\AutoRouter->getRoute('register')
 2 SYSTEMPATH\Router\Router.php(205): CodeIgniter\Router\Router->autoRoute('register')
 3 SYSTEMPATH\CodeIgniter.php(771): CodeIgniter\Router\Router->handle('register')
 4 SYSTEMPATH\CodeIgniter.php(415): CodeIgniter\CodeIgniter->tryToRouteIt(Object(CodeIgniter\Router\RouteCollection))
 5 SYSTEMPATH\CodeIgniter.php(349): CodeIgniter\CodeIgniter->handleRequest(null, Object(Config\Cache), false)
 6 FCPATH\index.php(55): CodeIgniter\CodeIgniter->run()
CRITICAL - 2022-07-07 08:03:45 --> syntax error, unexpected token ")", expecting identifier or variable or "{" or "$"
in APPPATH\Controllers\Register.php on line 66.
 1 SYSTEMPATH\Router\Router.php(499): CodeIgniter\Router\AutoRouter->getRoute('register')
 2 SYSTEMPATH\Router\Router.php(205): CodeIgniter\Router\Router->autoRoute('register')
 3 SYSTEMPATH\CodeIgniter.php(771): CodeIgniter\Router\Router->handle('register')
 4 SYSTEMPATH\CodeIgniter.php(415): CodeIgniter\CodeIgniter->tryToRouteIt(Object(CodeIgniter\Router\RouteCollection))
 5 SYSTEMPATH\CodeIgniter.php(349): CodeIgniter\CodeIgniter->handleRequest(null, Object(Config\Cache), false)
 6 FCPATH\index.php(55): CodeIgniter\CodeIgniter->run()
CRITICAL - 2022-07-07 08:25:12 --> Undefined variable $validation
in APPPATH\Views\Register_view.php on line 30.
 1 APPPATH\Views\Register_view.php(30): CodeIgniter\Debug\Exceptions->errorHandler(2, 'Undefined variable $validation', 'APPPATH\\Views\\Register_view.php', 30)
 2 SYSTEMPATH\View\View.php(213): include('APPPATH\\Views\\Register_view.php')
 3 SYSTEMPATH\View\View.php(216): CodeIgniter\View\View->CodeIgniter\View\{closure}()
 4 SYSTEMPATH\Common.php(1135): CodeIgniter\View\View->render('Register_view', [], true)
 5 APPPATH\Controllers\Register.php(74): view('Register_view', [])
 6 SYSTEMPATH\CodeIgniter.php(896): App\Controllers\Register->index()
 7 SYSTEMPATH\CodeIgniter.php(466): CodeIgniter\CodeIgniter->runController(Object(App\Controllers\Register))
 8 SYSTEMPATH\CodeIgniter.php(349): CodeIgniter\CodeIgniter->handleRequest(null, Object(Config\Cache), false)
 9 FCPATH\index.php(55): CodeIgniter\CodeIgniter->run()
