CRITICAL - 2022-06-30 05:47:19 --> include(/layout/header.php): Failed to open stream: No such file or directory
in APPPATH\Views\Register_view.php on line 11.
 1 APPPATH\Views\Register_view.php(11): CodeIgniter\Debug\Exceptions->errorHandler(2, 'include(/layout/header.php): Failed to open stream: No such file or directory', 'APPPATH\\Views\\Register_view.php', 11)
 2 APPPATH\Views\Register_view.php(11): include()
 3 SYSTEMPATH\View\View.php(213): include('APPPATH\\Views\\Register_view.php')
 4 SYSTEMPATH\View\View.php(216): CodeIgniter\View\View->CodeIgniter\View\{closure}()
 5 SYSTEMPATH\Common.php(1135): CodeIgniter\View\View->render('Register_view', [], true)
 6 APPPATH\Controllers\Register.php(9): view('Register_view')
 7 SYSTEMPATH\CodeIgniter.php(896): App\Controllers\Register->index()
 8 SYSTEMPATH\CodeIgniter.php(466): CodeIgniter\CodeIgniter->runController(Object(App\Controllers\Register))
 9 SYSTEMPATH\CodeIgniter.php(349): CodeIgniter\CodeIgniter->handleRequest(null, Object(Config\Cache), false)
10 FCPATH\index.php(55): CodeIgniter\CodeIgniter->run()
CRITICAL - 2022-06-30 05:48:07 --> include(Views/layout/header.php): Failed to open stream: No such file or directory
in APPPATH\Views\Register_view.php on line 11.
 1 APPPATH\Views\Register_view.php(11): CodeIgniter\Debug\Exceptions->errorHandler(2, 'include(Views/layout/header.php): Failed to open stream: No such file or directory', 'APPPATH\\Views\\Register_view.php', 11)
 2 APPPATH\Views\Register_view.php(11): include()
 3 SYSTEMPATH\View\View.php(213): include('APPPATH\\Views\\Register_view.php')
 4 SYSTEMPATH\View\View.php(216): CodeIgniter\View\View->CodeIgniter\View\{closure}()
 5 SYSTEMPATH\Common.php(1135): CodeIgniter\View\View->render('Register_view', [], true)
 6 APPPATH\Controllers\Register.php(9): view('Register_view')
 7 SYSTEMPATH\CodeIgniter.php(896): App\Controllers\Register->index()
 8 SYSTEMPATH\CodeIgniter.php(466): CodeIgniter\CodeIgniter->runController(Object(App\Controllers\Register))
 9 SYSTEMPATH\CodeIgniter.php(349): CodeIgniter\CodeIgniter->handleRequest(null, Object(Config\Cache), false)
10 FCPATH\index.php(55): CodeIgniter\CodeIgniter->run()
CRITICAL - 2022-06-30 05:48:21 --> include(Views/layout/header.php): Failed to open stream: No such file or directory
in APPPATH\Views\Register_view.php on line 11.
 1 APPPATH\Views\Register_view.php(11): CodeIgniter\Debug\Exceptions->errorHandler(2, 'include(Views/layout/header.php): Failed to open stream: No such file or directory', 'APPPATH\\Views\\Register_view.php', 11)
 2 APPPATH\Views\Register_view.php(11): include()
 3 SYSTEMPATH\View\View.php(213): include('APPPATH\\Views\\Register_view.php')
 4 SYSTEMPATH\View\View.php(216): CodeIgniter\View\View->CodeIgniter\View\{closure}()
 5 SYSTEMPATH\Common.php(1135): CodeIgniter\View\View->render('Register_view', [], true)
 6 APPPATH\Controllers\Register.php(9): view('Register_view')
 7 SYSTEMPATH\CodeIgniter.php(896): App\Controllers\Register->index()
 8 SYSTEMPATH\CodeIgniter.php(466): CodeIgniter\CodeIgniter->runController(Object(App\Controllers\Register))
 9 SYSTEMPATH\CodeIgniter.php(349): CodeIgniter\CodeIgniter->handleRequest(null, Object(Config\Cache), false)
10 FCPATH\index.php(55): CodeIgniter\CodeIgniter->run()
CRITICAL - 2022-06-30 06:20:14 --> include(layout/base.php): Failed to open stream: No such file or directory
in APPPATH\Views\Register_view.php on line 1.
 1 APPPATH\Views\Register_view.php(1): CodeIgniter\Debug\Exceptions->errorHandler(2, 'include(layout/base.php): Failed to open stream: No such file or directory', 'APPPATH\\Views\\Register_view.php', 1)
 2 APPPATH\Views\Register_view.php(1): include()
 3 SYSTEMPATH\View\View.php(213): include('APPPATH\\Views\\Register_view.php')
 4 SYSTEMPATH\View\View.php(216): CodeIgniter\View\View->CodeIgniter\View\{closure}()
 5 SYSTEMPATH\Common.php(1135): CodeIgniter\View\View->render('Register_view', [], true)
 6 APPPATH\Controllers\Register.php(9): view('Register_view')
 7 SYSTEMPATH\CodeIgniter.php(896): App\Controllers\Register->index()
 8 SYSTEMPATH\CodeIgniter.php(466): CodeIgniter\CodeIgniter->runController(Object(App\Controllers\Register))
 9 SYSTEMPATH\CodeIgniter.php(349): CodeIgniter\CodeIgniter->handleRequest(null, Object(Config\Cache), false)
10 FCPATH\index.php(55): CodeIgniter\CodeIgniter->run()
CRITICAL - 2022-06-30 07:09:32 --> Call to undefined function form_open()
in APPPATH\Views\Register_view.php on line 9.
 1 SYSTEMPATH\View\View.php(213): include()
 2 SYSTEMPATH\View\View.php(216): CodeIgniter\View\View->CodeIgniter\View\{closure}()
 3 SYSTEMPATH\Common.php(1135): CodeIgniter\View\View->render('Register_view', [], true)
 4 APPPATH\Controllers\Register.php(9): view('Register_view')
 5 SYSTEMPATH\CodeIgniter.php(896): App\Controllers\Register->index()
 6 SYSTEMPATH\CodeIgniter.php(466): CodeIgniter\CodeIgniter->runController(Object(App\Controllers\Register))
 7 SYSTEMPATH\CodeIgniter.php(349): CodeIgniter\CodeIgniter->handleRequest(null, Object(Config\Cache), false)
 8 FCPATH\index.php(55): CodeIgniter\CodeIgniter->run()
