CRITICAL - 2022-07-08 00:59:21 --> Undefined variable $users
in APPPATH\Views\Register_view.php on line 113.
 1 APPPATH\Views\Register_view.php(113): CodeIgniter\Debug\Exceptions->errorHandler(2, 'Undefined variable $users', 'APPPATH\\Views\\Register_view.php', 113)
 2 SYSTEMPATH\View\View.php(213): include('APPPATH\\Views\\Register_view.php')
 3 SYSTEMPATH\View\View.php(216): CodeIgniter\View\View->CodeIgniter\View\{closure}()
 4 SYSTEMPATH\Common.php(1135): CodeIgniter\View\View->render('Register_view', [...], true)
 5 APPPATH\Controllers\Register.php(79): view('Register_view', [...], [...])
 6 SYSTEMPATH\CodeIgniter.php(896): App\Controllers\Register->index()
 7 SYSTEMPATH\CodeIgniter.php(466): CodeIgniter\CodeIgniter->runController(Object(App\Controllers\Register))
 8 SYSTEMPATH\CodeIgniter.php(349): CodeIgniter\CodeIgniter->handleRequest(null, Object(Config\Cache), false)
 9 FCPATH\index.php(55): CodeIgniter\CodeIgniter->run()
CRITICAL - 2022-07-08 01:00:56 --> Undefined variable $register
in APPPATH\Views\Register_view.php on line 113.
 1 APPPATH\Views\Register_view.php(113): CodeIgniter\Debug\Exceptions->errorHandler(2, 'Undefined variable $register', 'APPPATH\\Views\\Register_view.php', 113)
 2 SYSTEMPATH\View\View.php(213): include('APPPATH\\Views\\Register_view.php')
 3 SYSTEMPATH\View\View.php(216): CodeIgniter\View\View->CodeIgniter\View\{closure}()
 4 SYSTEMPATH\Common.php(1135): CodeIgniter\View\View->render('Register_view', [...], true)
 5 APPPATH\Controllers\Register.php(79): view('Register_view', [...], [...])
 6 SYSTEMPATH\CodeIgniter.php(896): App\Controllers\Register->index()
 7 SYSTEMPATH\CodeIgniter.php(466): CodeIgniter\CodeIgniter->runController(Object(App\Controllers\Register))
 8 SYSTEMPATH\CodeIgniter.php(349): CodeIgniter\CodeIgniter->handleRequest(null, Object(Config\Cache), false)
 9 FCPATH\index.php(55): CodeIgniter\CodeIgniter->run()
CRITICAL - 2022-07-08 01:01:56 --> Undefined variable $validation
in APPPATH\Views\Register_view.php on line 28.
 1 APPPATH\Views\Register_view.php(28): CodeIgniter\Debug\Exceptions->errorHandler(2, 'Undefined variable $validation', 'APPPATH\\Views\\Register_view.php', 28)
 2 SYSTEMPATH\View\View.php(213): include('APPPATH\\Views\\Register_view.php')
 3 SYSTEMPATH\View\View.php(216): CodeIgniter\View\View->CodeIgniter\View\{closure}()
 4 SYSTEMPATH\Common.php(1135): CodeIgniter\View\View->render('Register_view', [], true)
 5 APPPATH\Controllers\Register.php(79): view('Register_view', [...])
 6 SYSTEMPATH\CodeIgniter.php(896): App\Controllers\Register->index()
 7 SYSTEMPATH\CodeIgniter.php(466): CodeIgniter\CodeIgniter->runController(Object(App\Controllers\Register))
 8 SYSTEMPATH\CodeIgniter.php(349): CodeIgniter\CodeIgniter->handleRequest(null, Object(Config\Cache), false)
 9 FCPATH\index.php(55): CodeIgniter\CodeIgniter->run()
CRITICAL - 2022-07-08 01:02:19 --> Undefined variable $validation
in APPPATH\Views\Register_view.php on line 28.
 1 APPPATH\Views\Register_view.php(28): CodeIgniter\Debug\Exceptions->errorHandler(2, 'Undefined variable $validation', 'APPPATH\\Views\\Register_view.php', 28)
 2 SYSTEMPATH\View\View.php(213): include('APPPATH\\Views\\Register_view.php')
 3 SYSTEMPATH\View\View.php(216): CodeIgniter\View\View->CodeIgniter\View\{closure}()
 4 SYSTEMPATH\Common.php(1135): CodeIgniter\View\View->render('Register_view', [...], true)
 5 APPPATH\Controllers\Register.php(79): view('Register_view', [...], [...])
 6 SYSTEMPATH\CodeIgniter.php(896): App\Controllers\Register->index()
 7 SYSTEMPATH\CodeIgniter.php(466): CodeIgniter\CodeIgniter->runController(Object(App\Controllers\Register))
 8 SYSTEMPATH\CodeIgniter.php(349): CodeIgniter\CodeIgniter->handleRequest(null, Object(Config\Cache), false)
 9 FCPATH\index.php(55): CodeIgniter\CodeIgniter->run()
CRITICAL - 2022-07-08 01:02:21 --> Undefined variable $validation
in APPPATH\Views\Register_view.php on line 28.
 1 APPPATH\Views\Register_view.php(28): CodeIgniter\Debug\Exceptions->errorHandler(2, 'Undefined variable $validation', 'APPPATH\\Views\\Register_view.php', 28)
 2 SYSTEMPATH\View\View.php(213): include('APPPATH\\Views\\Register_view.php')
 3 SYSTEMPATH\View\View.php(216): CodeIgniter\View\View->CodeIgniter\View\{closure}()
 4 SYSTEMPATH\Common.php(1135): CodeIgniter\View\View->render('Register_view', [...], true)
 5 APPPATH\Controllers\Register.php(79): view('Register_view', [...], [...])
 6 SYSTEMPATH\CodeIgniter.php(896): App\Controllers\Register->index()
 7 SYSTEMPATH\CodeIgniter.php(466): CodeIgniter\CodeIgniter->runController(Object(App\Controllers\Register))
 8 SYSTEMPATH\CodeIgniter.php(349): CodeIgniter\CodeIgniter->handleRequest(null, Object(Config\Cache), false)
 9 FCPATH\index.php(55): CodeIgniter\CodeIgniter->run()
CRITICAL - 2022-07-08 01:06:15 --> Too few arguments to function App\Controllers\Register::index(), 0 passed in C:\xampp\htdocs\LOGIN\system\CodeIgniter.php on line 896 and exactly 2 expected
in APPPATH\Controllers\Register.php on line 11.
 1 SYSTEMPATH\CodeIgniter.php(896): App\Controllers\Register->index()
 2 SYSTEMPATH\CodeIgniter.php(466): CodeIgniter\CodeIgniter->runController(Object(App\Controllers\Register))
 3 SYSTEMPATH\CodeIgniter.php(349): CodeIgniter\CodeIgniter->handleRequest(null, Object(Config\Cache), false)
 4 FCPATH\index.php(55): CodeIgniter\CodeIgniter->run()
CRITICAL - 2022-07-08 01:08:47 --> Undefined variable $register
in APPPATH\Views\Register_view.php on line 113.
 1 APPPATH\Views\Register_view.php(113): CodeIgniter\Debug\Exceptions->errorHandler(2, 'Undefined variable $register', 'APPPATH\\Views\\Register_view.php', 113)
 2 SYSTEMPATH\View\View.php(213): include('APPPATH\\Views\\Register_view.php')
 3 SYSTEMPATH\View\View.php(216): CodeIgniter\View\View->CodeIgniter\View\{closure}()
 4 SYSTEMPATH\Common.php(1135): CodeIgniter\View\View->render('Register_view', [], true)
 5 APPPATH\Controllers\Register.php(78): view('Register_view', [...])
 6 SYSTEMPATH\CodeIgniter.php(896): App\Controllers\Register->index()
 7 SYSTEMPATH\CodeIgniter.php(466): CodeIgniter\CodeIgniter->runController(Object(App\Controllers\Register))
 8 SYSTEMPATH\CodeIgniter.php(349): CodeIgniter\CodeIgniter->handleRequest(null, Object(Config\Cache), false)
 9 FCPATH\index.php(55): CodeIgniter\CodeIgniter->run()
CRITICAL - 2022-07-08 01:09:45 --> syntax error, unexpected token ";"
in APPPATH\Views\Register_view.php on line 115.
 1 SYSTEMPATH\View\View.php(216): CodeIgniter\View\View->CodeIgniter\View\{closure}()
 2 SYSTEMPATH\Common.php(1135): CodeIgniter\View\View->render('Register_view', [], true)
 3 APPPATH\Controllers\Register.php(78): view('Register_view', [...])
 4 SYSTEMPATH\CodeIgniter.php(896): App\Controllers\Register->index()
 5 SYSTEMPATH\CodeIgniter.php(466): CodeIgniter\CodeIgniter->runController(Object(App\Controllers\Register))
 6 SYSTEMPATH\CodeIgniter.php(349): CodeIgniter\CodeIgniter->handleRequest(null, Object(Config\Cache), false)
 7 FCPATH\index.php(55): CodeIgniter\CodeIgniter->run()
CRITICAL - 2022-07-08 01:10:09 --> Undefined variable $register
in APPPATH\Views\Register_view.php on line 113.
 1 APPPATH\Views\Register_view.php(113): CodeIgniter\Debug\Exceptions->errorHandler(2, 'Undefined variable $register', 'APPPATH\\Views\\Register_view.php', 113)
 2 SYSTEMPATH\View\View.php(213): include('APPPATH\\Views\\Register_view.php')
 3 SYSTEMPATH\View\View.php(216): CodeIgniter\View\View->CodeIgniter\View\{closure}()
 4 SYSTEMPATH\Common.php(1135): CodeIgniter\View\View->render('Register_view', [], true)
 5 APPPATH\Controllers\Register.php(78): view('Register_view', [...])
 6 SYSTEMPATH\CodeIgniter.php(896): App\Controllers\Register->index()
 7 SYSTEMPATH\CodeIgniter.php(466): CodeIgniter\CodeIgniter->runController(Object(App\Controllers\Register))
 8 SYSTEMPATH\CodeIgniter.php(349): CodeIgniter\CodeIgniter->handleRequest(null, Object(Config\Cache), false)
 9 FCPATH\index.php(55): CodeIgniter\CodeIgniter->run()
CRITICAL - 2022-07-08 01:12:32 --> Undefined variable $register
in APPPATH\Views\Register_view.php on line 113.
 1 APPPATH\Views\Register_view.php(113): CodeIgniter\Debug\Exceptions->errorHandler(2, 'Undefined variable $register', 'APPPATH\\Views\\Register_view.php', 113)
 2 SYSTEMPATH\View\View.php(213): include('APPPATH\\Views\\Register_view.php')
 3 SYSTEMPATH\View\View.php(216): CodeIgniter\View\View->CodeIgniter\View\{closure}()
 4 SYSTEMPATH\Common.php(1135): CodeIgniter\View\View->render('Register_view', [], true)
 5 APPPATH\Controllers\Register.php(78): view('Register_view', [...])
 6 SYSTEMPATH\CodeIgniter.php(896): App\Controllers\Register->index('newdata')
 7 SYSTEMPATH\CodeIgniter.php(466): CodeIgniter\CodeIgniter->runController(Object(App\Controllers\Register))
 8 SYSTEMPATH\CodeIgniter.php(349): CodeIgniter\CodeIgniter->handleRequest(null, Object(Config\Cache), false)
 9 FCPATH\index.php(55): CodeIgniter\CodeIgniter->run()
CRITICAL - 2022-07-08 01:12:51 --> Undefined variable $register
in APPPATH\Views\Register_view.php on line 113.
 1 APPPATH\Views\Register_view.php(113): CodeIgniter\Debug\Exceptions->errorHandler(2, 'Undefined variable $register', 'APPPATH\\Views\\Register_view.php', 113)
 2 SYSTEMPATH\View\View.php(213): include('APPPATH\\Views\\Register_view.php')
 3 SYSTEMPATH\View\View.php(216): CodeIgniter\View\View->CodeIgniter\View\{closure}()
 4 SYSTEMPATH\Common.php(1135): CodeIgniter\View\View->render('Register_view', [], true)
 5 APPPATH\Controllers\Register.php(78): view('Register_view', [...])
 6 SYSTEMPATH\CodeIgniter.php(896): App\Controllers\Register->index('newdata')
 7 SYSTEMPATH\CodeIgniter.php(466): CodeIgniter\CodeIgniter->runController(Object(App\Controllers\Register))
 8 SYSTEMPATH\CodeIgniter.php(349): CodeIgniter\CodeIgniter->handleRequest(null, Object(Config\Cache), false)
 9 FCPATH\index.php(55): CodeIgniter\CodeIgniter->run()
CRITICAL - 2022-07-08 01:12:54 --> Undefined variable $register
in APPPATH\Views\Register_view.php on line 113.
 1 APPPATH\Views\Register_view.php(113): CodeIgniter\Debug\Exceptions->errorHandler(2, 'Undefined variable $register', 'APPPATH\\Views\\Register_view.php', 113)
 2 SYSTEMPATH\View\View.php(213): include('APPPATH\\Views\\Register_view.php')
 3 SYSTEMPATH\View\View.php(216): CodeIgniter\View\View->CodeIgniter\View\{closure}()
 4 SYSTEMPATH\Common.php(1135): CodeIgniter\View\View->render('Register_view', [], true)
 5 APPPATH\Controllers\Register.php(78): view('Register_view', [...])
 6 SYSTEMPATH\CodeIgniter.php(896): App\Controllers\Register->index('newdata')
 7 SYSTEMPATH\CodeIgniter.php(466): CodeIgniter\CodeIgniter->runController(Object(App\Controllers\Register))
 8 SYSTEMPATH\CodeIgniter.php(349): CodeIgniter\CodeIgniter->handleRequest(null, Object(Config\Cache), false)
 9 FCPATH\index.php(55): CodeIgniter\CodeIgniter->run()
CRITICAL - 2022-07-08 01:16:19 --> Call to undefined function form_open()
in APPPATH\Views\Register_view.php on line 21.
 1 SYSTEMPATH\View\View.php(213): include()
 2 SYSTEMPATH\View\View.php(216): CodeIgniter\View\View->CodeIgniter\View\{closure}()
 3 SYSTEMPATH\Common.php(1135): CodeIgniter\View\View->render('Register_view', [], true)
 4 APPPATH\Controllers\Login.php(12): view('Register_view', [...])
 5 SYSTEMPATH\CodeIgniter.php(896): App\Controllers\Login->index()
 6 SYSTEMPATH\CodeIgniter.php(466): CodeIgniter\CodeIgniter->runController(Object(App\Controllers\Login))
 7 SYSTEMPATH\CodeIgniter.php(349): CodeIgniter\CodeIgniter->handleRequest(null, Object(Config\Cache), false)
 8 FCPATH\index.php(55): CodeIgniter\CodeIgniter->run()
CRITICAL - 2022-07-08 01:16:55 --> Undefined variable $validation
in APPPATH\Views\Register_view.php on line 28.
 1 APPPATH\Views\Register_view.php(28): CodeIgniter\Debug\Exceptions->errorHandler(2, 'Undefined variable $validation', 'APPPATH\\Views\\Register_view.php', 28)
 2 SYSTEMPATH\View\View.php(213): include('APPPATH\\Views\\Register_view.php')
 3 SYSTEMPATH\View\View.php(216): CodeIgniter\View\View->CodeIgniter\View\{closure}()
 4 SYSTEMPATH\Common.php(1135): CodeIgniter\View\View->render('Register_view', [], true)
 5 APPPATH\Controllers\Login.php(14): view('Register_view', [...])
 6 SYSTEMPATH\CodeIgniter.php(896): App\Controllers\Login->index()
 7 SYSTEMPATH\CodeIgniter.php(466): CodeIgniter\CodeIgniter->runController(Object(App\Controllers\Login))
 8 SYSTEMPATH\CodeIgniter.php(349): CodeIgniter\CodeIgniter->handleRequest(null, Object(Config\Cache), false)
 9 FCPATH\index.php(55): CodeIgniter\CodeIgniter->run()
CRITICAL - 2022-07-08 01:19:59 --> Undefined variable $register
in APPPATH\Views\Register_view.php on line 113.
 1 APPPATH\Views\Register_view.php(113): CodeIgniter\Debug\Exceptions->errorHandler(2, 'Undefined variable $register', 'APPPATH\\Views\\Register_view.php', 113)
 2 SYSTEMPATH\View\View.php(213): include('APPPATH\\Views\\Register_view.php')
 3 SYSTEMPATH\View\View.php(216): CodeIgniter\View\View->CodeIgniter\View\{closure}()
 4 SYSTEMPATH\Common.php(1135): CodeIgniter\View\View->render('Register_view', [], true)
 5 APPPATH\Controllers\Register.php(78): view('Register_view', [...])
 6 SYSTEMPATH\CodeIgniter.php(896): App\Controllers\Register->index()
 7 SYSTEMPATH\CodeIgniter.php(466): CodeIgniter\CodeIgniter->runController(Object(App\Controllers\Register))
 8 SYSTEMPATH\CodeIgniter.php(349): CodeIgniter\CodeIgniter->handleRequest(null, Object(Config\Cache), false)
 9 FCPATH\index.php(55): CodeIgniter\CodeIgniter->run()
CRITICAL - 2022-07-08 01:22:06 --> Undefined array key "create_at"
in APPPATH\Views\Data_view.php on line 40.
 1 APPPATH\Views\Data_view.php(40): CodeIgniter\Debug\Exceptions->errorHandler(2, 'Undefined array key "create_at"', 'APPPATH\\Views\\Data_view.php', 40)
 2 SYSTEMPATH\View\View.php(213): include('APPPATH\\Views\\Data_view.php')
 3 SYSTEMPATH\View\View.php(216): CodeIgniter\View\View->CodeIgniter\View\{closure}()
 4 SYSTEMPATH\Common.php(1135): CodeIgniter\View\View->render('Data_view', [], true)
 5 APPPATH\Controllers\Login.php(12): view('Data_view', [...])
 6 SYSTEMPATH\CodeIgniter.php(896): App\Controllers\Login->index()
 7 SYSTEMPATH\CodeIgniter.php(466): CodeIgniter\CodeIgniter->runController(Object(App\Controllers\Login))
 8 SYSTEMPATH\CodeIgniter.php(349): CodeIgniter\CodeIgniter->handleRequest(null, Object(Config\Cache), false)
 9 FCPATH\index.php(55): CodeIgniter\CodeIgniter->run()
CRITICAL - 2022-07-08 01:26:01 --> Call to undefined method CodeIgniter\View\View::extends()
in APPPATH\Views\Data_view.php on line 1.
 1 SYSTEMPATH\View\View.php(213): include()
 2 SYSTEMPATH\View\View.php(216): CodeIgniter\View\View->CodeIgniter\View\{closure}()
 3 SYSTEMPATH\Common.php(1135): CodeIgniter\View\View->render('Data_view', [], true)
 4 APPPATH\Controllers\Login.php(12): view('Data_view', [...])
 5 SYSTEMPATH\CodeIgniter.php(896): App\Controllers\Login->index()
 6 SYSTEMPATH\CodeIgniter.php(466): CodeIgniter\CodeIgniter->runController(Object(App\Controllers\Login))
 7 SYSTEMPATH\CodeIgniter.php(349): CodeIgniter\CodeIgniter->handleRequest(null, Object(Config\Cache), false)
 8 FCPATH\index.php(55): CodeIgniter\CodeIgniter->run()
CRITICAL - 2022-07-08 04:54:25 --> Undefined variable $register
in APPPATH\Views\Edit_view.php on line 20.
 1 APPPATH\Views\Edit_view.php(20): CodeIgniter\Debug\Exceptions->errorHandler(2, 'Undefined variable $register', 'APPPATH\\Views\\Edit_view.php', 20)
 2 SYSTEMPATH\View\View.php(213): include('APPPATH\\Views\\Edit_view.php')
 3 SYSTEMPATH\View\View.php(216): CodeIgniter\View\View->CodeIgniter\View\{closure}()
 4 SYSTEMPATH\Common.php(1135): CodeIgniter\View\View->render('Edit_view', [], true)
 5 APPPATH\Controllers\Register.php(95): view('Edit_view')
 6 SYSTEMPATH\CodeIgniter.php(896): App\Controllers\Register->edit('1')
 7 SYSTEMPATH\CodeIgniter.php(466): CodeIgniter\CodeIgniter->runController(Object(App\Controllers\Register))
 8 SYSTEMPATH\CodeIgniter.php(349): CodeIgniter\CodeIgniter->handleRequest(null, Object(Config\Cache), false)
 9 FCPATH\index.php(55): CodeIgniter\CodeIgniter->run()
CRITICAL - 2022-07-08 04:59:43 --> Undefined variable $validation
in APPPATH\Views\Edit_view.php on line 21.
 1 APPPATH\Views\Edit_view.php(21): CodeIgniter\Debug\Exceptions->errorHandler(2, 'Undefined variable $validation', 'APPPATH\\Views\\Edit_view.php', 21)
 2 SYSTEMPATH\View\View.php(213): include('APPPATH\\Views\\Edit_view.php')
 3 SYSTEMPATH\View\View.php(216): CodeIgniter\View\View->CodeIgniter\View\{closure}()
 4 SYSTEMPATH\Common.php(1135): CodeIgniter\View\View->render('Edit_view', [], true)
 5 APPPATH\Controllers\Register.php(95): view('Edit_view')
 6 SYSTEMPATH\CodeIgniter.php(896): App\Controllers\Register->edit('1')
 7 SYSTEMPATH\CodeIgniter.php(466): CodeIgniter\CodeIgniter->runController(Object(App\Controllers\Register))
 8 SYSTEMPATH\CodeIgniter.php(349): CodeIgniter\CodeIgniter->handleRequest(null, Object(Config\Cache), false)
 9 FCPATH\index.php(55): CodeIgniter\CodeIgniter->run()
CRITICAL - 2022-07-08 05:01:28 --> syntax error, unexpected variable "$rules", expecting "function" or "const"
in APPPATH\Controllers\Register.php on line 8.
 1 SYSTEMPATH\Autoloader\Autoloader.php(261): CodeIgniter\Autoloader\Autoloader->includeFile('APPPATH\\Controllers\\Register.php')
 2 SYSTEMPATH\Autoloader\Autoloader.php(239): CodeIgniter\Autoloader\Autoloader->loadInNamespace('App\\Controllers\\Register')
 3 [internal function]: CodeIgniter\Autoloader\Autoloader->loadClass('App\\Controllers\\Register')
 4 SYSTEMPATH\CodeIgniter.php(846): class_exists('\\App\\Controllers\\Register', true)
 5 SYSTEMPATH\CodeIgniter.php(453): CodeIgniter\CodeIgniter->startController()
 6 SYSTEMPATH\CodeIgniter.php(349): CodeIgniter\CodeIgniter->handleRequest(null, Object(Config\Cache), false)
 7 FCPATH\index.php(55): CodeIgniter\CodeIgniter->run()
CRITICAL - 2022-07-08 05:01:54 --> Undefined variable $rules
in APPPATH\Controllers\Register.php on line 73.
 1 APPPATH\Controllers\Register.php(73): CodeIgniter\Debug\Exceptions->errorHandler(2, 'Undefined variable $rules', 'APPPATH\\Controllers\\Register.php', 73)
 2 SYSTEMPATH\CodeIgniter.php(896): App\Controllers\Register->index()
 3 SYSTEMPATH\CodeIgniter.php(466): CodeIgniter\CodeIgniter->runController(Object(App\Controllers\Register))
 4 SYSTEMPATH\CodeIgniter.php(349): CodeIgniter\CodeIgniter->handleRequest(null, Object(Config\Cache), false)
 5 FCPATH\index.php(55): CodeIgniter\CodeIgniter->run()
CRITICAL - 2022-07-08 05:09:38 --> Call to undefined function form_open()
in APPPATH\Views\Edit_view.php on line 14.
 1 SYSTEMPATH\View\View.php(213): include()
 2 SYSTEMPATH\View\View.php(216): CodeIgniter\View\View->CodeIgniter\View\{closure}()
 3 SYSTEMPATH\Common.php(1135): CodeIgniter\View\View->render('Edit_view', [], true)
 4 APPPATH\Controllers\Data.php(17): view('Edit_view')
 5 SYSTEMPATH\CodeIgniter.php(896): App\Controllers\Data->edit('1')
 6 SYSTEMPATH\CodeIgniter.php(466): CodeIgniter\CodeIgniter->runController(Object(App\Controllers\Data))
 7 SYSTEMPATH\CodeIgniter.php(349): CodeIgniter\CodeIgniter->handleRequest(null, Object(Config\Cache), false)
 8 FCPATH\index.php(55): CodeIgniter\CodeIgniter->run()
CRITICAL - 2022-07-08 05:21:39 --> Undefined variable $register
in APPPATH\Views\Edit_view.php on line 20.
 1 APPPATH\Views\Edit_view.php(20): CodeIgniter\Debug\Exceptions->errorHandler(2, 'Undefined variable $register', 'APPPATH\\Views\\Edit_view.php', 20)
 2 SYSTEMPATH\View\View.php(213): include('APPPATH\\Views\\Edit_view.php')
 3 SYSTEMPATH\View\View.php(216): CodeIgniter\View\View->CodeIgniter\View\{closure}()
 4 SYSTEMPATH\Common.php(1135): CodeIgniter\View\View->render('Edit_view', [], true)
 5 APPPATH\Controllers\Data.php(18): view('Edit_view')
 6 SYSTEMPATH\CodeIgniter.php(896): App\Controllers\Data->edit('1')
 7 SYSTEMPATH\CodeIgniter.php(466): CodeIgniter\CodeIgniter->runController(Object(App\Controllers\Data))
 8 SYSTEMPATH\CodeIgniter.php(349): CodeIgniter\CodeIgniter->handleRequest(null, Object(Config\Cache), false)
 9 FCPATH\index.php(55): CodeIgniter\CodeIgniter->run()
CRITICAL - 2022-07-08 05:21:45 --> Undefined variable $register
in APPPATH\Views\Edit_view.php on line 20.
 1 APPPATH\Views\Edit_view.php(20): CodeIgniter\Debug\Exceptions->errorHandler(2, 'Undefined variable $register', 'APPPATH\\Views\\Edit_view.php', 20)
 2 SYSTEMPATH\View\View.php(213): include('APPPATH\\Views\\Edit_view.php')
 3 SYSTEMPATH\View\View.php(216): CodeIgniter\View\View->CodeIgniter\View\{closure}()
 4 SYSTEMPATH\Common.php(1135): CodeIgniter\View\View->render('Edit_view', [], true)
 5 APPPATH\Controllers\Data.php(18): view('Edit_view')
 6 SYSTEMPATH\CodeIgniter.php(896): App\Controllers\Data->edit('1')
 7 SYSTEMPATH\CodeIgniter.php(466): CodeIgniter\CodeIgniter->runController(Object(App\Controllers\Data))
 8 SYSTEMPATH\CodeIgniter.php(349): CodeIgniter\CodeIgniter->handleRequest(null, Object(Config\Cache), false)
 9 FCPATH\index.php(55): CodeIgniter\CodeIgniter->run()
CRITICAL - 2022-07-08 07:47:43 --> syntax error, unexpected token "}", expecting "," or ";"
in APPPATH\Controllers\Login.php on line 34.
 1 SYSTEMPATH\Autoloader\Autoloader.php(261): CodeIgniter\Autoloader\Autoloader->includeFile('APPPATH\\Controllers\\Login.php')
 2 SYSTEMPATH\Autoloader\Autoloader.php(239): CodeIgniter\Autoloader\Autoloader->loadInNamespace('App\\Controllers\\Login')
 3 [internal function]: CodeIgniter\Autoloader\Autoloader->loadClass('App\\Controllers\\Login')
 4 SYSTEMPATH\CodeIgniter.php(846): class_exists('\\App\\Controllers\\Login', true)
 5 SYSTEMPATH\CodeIgniter.php(453): CodeIgniter\CodeIgniter->startController()
 6 SYSTEMPATH\CodeIgniter.php(349): CodeIgniter\CodeIgniter->handleRequest(null, Object(Config\Cache), false)
 7 FCPATH\index.php(55): CodeIgniter\CodeIgniter->run()
CRITICAL - 2022-07-08 07:48:27 --> Call to undefined function display_error()
in APPPATH\Views\Login_view.php on line 18.
 1 SYSTEMPATH\View\View.php(213): include()
 2 SYSTEMPATH\View\View.php(216): CodeIgniter\View\View->CodeIgniter\View\{closure}()
 3 SYSTEMPATH\Common.php(1135): CodeIgniter\View\View->render('Login_view', [], true)
 4 APPPATH\Controllers\Login.php(38): view('Login_view', [...])
 5 SYSTEMPATH\CodeIgniter.php(896): App\Controllers\Login->index()
 6 SYSTEMPATH\CodeIgniter.php(466): CodeIgniter\CodeIgniter->runController(Object(App\Controllers\Login))
 7 SYSTEMPATH\CodeIgniter.php(349): CodeIgniter\CodeIgniter->handleRequest(null, Object(Config\Cache), false)
 8 FCPATH\index.php(55): CodeIgniter\CodeIgniter->run()
CRITICAL - 2022-07-08 08:11:58 --> foreach() argument must be of type array|object, string given
in APPPATH\Controllers\Login.php on line 37.
 1 APPPATH\Controllers\Login.php(37): CodeIgniter\Debug\Exceptions->errorHandler(2, 'foreach() argument must be of type array|object, string given', 'APPPATH\\Controllers\\Login.php', 37)
 2 SYSTEMPATH\CodeIgniter.php(896): App\Controllers\Login->index()
 3 SYSTEMPATH\CodeIgniter.php(466): CodeIgniter\CodeIgniter->runController(Object(App\Controllers\Login))
 4 SYSTEMPATH\CodeIgniter.php(349): CodeIgniter\CodeIgniter->handleRequest(null, Object(Config\Cache), false)
 5 FCPATH\index.php(55): CodeIgniter\CodeIgniter->run()
CRITICAL - 2022-07-08 08:12:36 --> syntax error, unexpected token ")", expecting ";"
in APPPATH\Controllers\Login.php on line 37.
 1 SYSTEMPATH\Autoloader\Autoloader.php(261): CodeIgniter\Autoloader\Autoloader->includeFile('APPPATH\\Controllers\\Login.php')
 2 SYSTEMPATH\Autoloader\Autoloader.php(239): CodeIgniter\Autoloader\Autoloader->loadInNamespace('App\\Controllers\\Login')
 3 [internal function]: CodeIgniter\Autoloader\Autoloader->loadClass('App\\Controllers\\Login')
 4 SYSTEMPATH\CodeIgniter.php(846): class_exists('\\App\\Controllers\\Login', true)
 5 SYSTEMPATH\CodeIgniter.php(453): CodeIgniter\CodeIgniter->startController()
 6 SYSTEMPATH\CodeIgniter.php(349): CodeIgniter\CodeIgniter->handleRequest(null, Object(Config\Cache), false)
 7 FCPATH\index.php(55): CodeIgniter\CodeIgniter->run()
CRITICAL - 2022-07-08 08:13:03 --> syntax error, unexpected token ")", expecting ";"
in APPPATH\Controllers\Login.php on line 37.
 1 SYSTEMPATH\Autoloader\Autoloader.php(261): CodeIgniter\Autoloader\Autoloader->includeFile('APPPATH\\Controllers\\Login.php')
 2 SYSTEMPATH\Autoloader\Autoloader.php(239): CodeIgniter\Autoloader\Autoloader->loadInNamespace('App\\Controllers\\Login')
 3 [internal function]: CodeIgniter\Autoloader\Autoloader->loadClass('App\\Controllers\\Login')
 4 SYSTEMPATH\CodeIgniter.php(846): class_exists('\\App\\Controllers\\Login', true)
 5 SYSTEMPATH\CodeIgniter.php(453): CodeIgniter\CodeIgniter->startController()
 6 SYSTEMPATH\CodeIgniter.php(349): CodeIgniter\CodeIgniter->handleRequest(null, Object(Config\Cache), false)
 7 FCPATH\index.php(55): CodeIgniter\CodeIgniter->run()
CRITICAL - 2022-07-08 12:07:02 --> syntax error, unexpected variable "$n1data"
in APPPATH\Controllers\Login.php on line 37.
 1 SYSTEMPATH\Autoloader\Autoloader.php(261): CodeIgniter\Autoloader\Autoloader->includeFile('APPPATH\\Controllers\\Login.php')
 2 SYSTEMPATH\Autoloader\Autoloader.php(239): CodeIgniter\Autoloader\Autoloader->loadInNamespace('App\\Controllers\\Login')
 3 [internal function]: CodeIgniter\Autoloader\Autoloader->loadClass('App\\Controllers\\Login')
 4 SYSTEMPATH\CodeIgniter.php(846): class_exists('\\App\\Controllers\\Login', true)
 5 SYSTEMPATH\CodeIgniter.php(453): CodeIgniter\CodeIgniter->startController()
 6 SYSTEMPATH\CodeIgniter.php(349): CodeIgniter\CodeIgniter->handleRequest(null, Object(Config\Cache), false)
 7 FCPATH\index.php(55): CodeIgniter\CodeIgniter->run()
CRITICAL - 2022-07-08 12:09:16 --> syntax error, unexpected variable "$dvalue"
in APPPATH\Controllers\Login.php on line 37.
 1 SYSTEMPATH\Autoloader\Autoloader.php(261): CodeIgniter\Autoloader\Autoloader->includeFile('APPPATH\\Controllers\\Login.php')
 2 SYSTEMPATH\Autoloader\Autoloader.php(239): CodeIgniter\Autoloader\Autoloader->loadInNamespace('App\\Controllers\\Login')
 3 [internal function]: CodeIgniter\Autoloader\Autoloader->loadClass('App\\Controllers\\Login')
 4 SYSTEMPATH\CodeIgniter.php(846): class_exists('\\App\\Controllers\\Login', true)
 5 SYSTEMPATH\CodeIgniter.php(453): CodeIgniter\CodeIgniter->startController()
 6 SYSTEMPATH\CodeIgniter.php(349): CodeIgniter\CodeIgniter->handleRequest(null, Object(Config\Cache), false)
 7 FCPATH\index.php(55): CodeIgniter\CodeIgniter->run()
CRITICAL - 2022-07-08 13:03:03 --> Undefined variable $userModel
in APPPATH\Controllers\Login.php on line 42.
 1 APPPATH\Controllers\Login.php(42): CodeIgniter\Debug\Exceptions->errorHandler(2, 'Undefined variable $userModel', 'APPPATH\\Controllers\\Login.php', 42)
 2 SYSTEMPATH\CodeIgniter.php(896): App\Controllers\Login->index()
 3 SYSTEMPATH\CodeIgniter.php(466): CodeIgniter\CodeIgniter->runController(Object(App\Controllers\Login))
 4 SYSTEMPATH\CodeIgniter.php(349): CodeIgniter\CodeIgniter->handleRequest(null, Object(Config\Cache), false)
 5 FCPATH\index.php(55): CodeIgniter\CodeIgniter->run()
